{'name': 'baseline+smart_init', 'model': '../../../data/pretrained-model/bart-large/', 'penman_linearization': True, 'use_pointer_tokens': True, 'raw_graph': False, 'remove_wiki': False, 'dereify': False, 'collapse_name_ops': False, 'batch_size': 4096, 'beam_size': 1, 'dropout': 0.25, 'attention_dropout': 0.0, 'smart_init': True, 'accum_steps': 1, 'warmup_steps': 1, 'training_steps': 250000, 'weight_decay': 0.004, 'grad_norm': 2.5, 'scheduler': 'constant', 'learning_rate': 5e-05, 'max_epochs': 30, 'save_checkpoints': True, 'log_wandb': False, 'warm_start': True, 'use_recategorization': False, 'best_loss': False, 'remove_longer_than': 1024, 'cate': 'Giga', 'train': 'data/gigawords-200k/*.txt', 'dev': 'data/LDC2020/amrs/split/dev/*.txt', 'test': 'data/LDC2020/amrs/split/test/*.txt'}
ignoring epigraph data for duplicate triple: ('z2', ':op2', '1')
ignoring epigraph data for duplicate triple: ('z14', ':mod', 'z15')
ignoring epigraph data for duplicate triple: ('z8', ':ARG1', 'z9')
ignoring epigraph data for duplicate triple: ('z10', ':ARG0', 'z11')
ignoring epigraph data for duplicate triple: ('z15', ':ARG1', 'z23')
ignoring epigraph data for duplicate triple: ('z0', ':li', '2')
ignoring epigraph data for duplicate triple: ('z0', ':ARG1', 'z1')
ignoring epigraph data for duplicate triple: ('z0', ':year', '1997')
ignoring epigraph data for duplicate triple: ('z12', ':mod', 'z10')
ignoring epigraph data for duplicate triple: ('z0', ':location', 'z2')
ignoring epigraph data for duplicate triple: ('z19', ':location', 'z8')
ignoring epigraph data for duplicate triple: ('z1', ':mod', 'z3')
ignoring epigraph data for duplicate triple: ('z0', ':wiki', '-')
ignoring epigraph data for duplicate triple: ('z0', ':mod', '155')
ignoring epigraph data for duplicate triple: ('z0', ':wiki', '-')
ignoring epigraph data for duplicate triple: ('z1', ':mod', 'z2')
ignoring epigraph data for duplicate triple: ('z0', ':time', 'z7')
ignoring epigraph data for duplicate triple: ('z20', ':mod', 'z18')
ignoring epigraph data for duplicate triple: ('z10', ':mod', 'z1')
ignoring epigraph data for duplicate triple: ('z2', ':op2', '1')
ignoring epigraph data for duplicate triple: ('z18', ':mod', 'z15')
cannot deinvert attribute: ('z6', ':consist-of', '209')
ignoring epigraph data for duplicate triple: ('z9', ':time', '"1:00"')
ignoring epigraph data for duplicate triple: ('z7', ':destination', 'z8')
ignoring epigraph data for duplicate triple: ('z14', ':mod', 'z4')
ignoring epigraph data for duplicate triple: ('z26', ':mod', 'z8')
ignoring epigraph data for duplicate triple: ('z26', ':mod', 'z8')
ignoring epigraph data for duplicate triple: ('z20', ':mod', 'z10')
ignoring epigraph data for duplicate triple: ('z19', ':mod', 'z3')
ignoring epigraph data for duplicate triple: ('z18', ':mod', 'z20')
ignoring epigraph data for duplicate triple: ('z2', ':op2', '9')
ignoring epigraph data for duplicate triple: ('z6', ':mod', 'z4')
ignoring epigraph data for duplicate triple: ('z11', ':mod', 'z4')
ignoring epigraph data for duplicate triple: ('z14', ':op2', '7')
ignoring epigraph data for duplicate triple: ('z5', ':part', 'z13')
ignoring epigraph data for duplicate triple: ('z24', ':op2', '7')
ignoring epigraph data for duplicate triple: ('z10', ':mod', 'z8')
ignoring epigraph data for duplicate triple: ('z12', ':mod', 'z7')
ignoring epigraph data for duplicate triple: ('z7', ':mod', 'z5')
ignoring epigraph data for duplicate triple: ('z6', ':mod', 'z3')
ignoring epigraph data for duplicate triple: ('z6', ':op2', '7')
ignoring epigraph data for duplicate triple: ('z13', ':op2', '7')
ignoring epigraph data for duplicate triple: ('z7', ':op1', '700')
ignoring epigraph data for duplicate triple: ('z2', ':quant', '5')
ignoring epigraph data for duplicate triple: ('z19', ':mod', 'z6')
ignoring epigraph data for duplicate triple: ('z13', ':op2', '7')
ignoring epigraph data for duplicate triple: ('z5', ':value', '4')
ignoring epigraph data for duplicate triple: ('z0', ':op1', '0')
ignoring epigraph data for duplicate triple: ('z0', ':op1', '0')
ignoring epigraph data for duplicate triple: ('z13', ':mod', 'z12')
ignoring epigraph data for duplicate triple: ('z7', ':ARG4', '3000')
ignoring epigraph data for duplicate triple: ('z7', ':ARG4', '3000')
ignoring epigraph data for duplicate triple: ('z10', ':part', 'z15')
ignoring epigraph data for duplicate triple: ('z10', ':part', 'z15')
ignoring epigraph data for duplicate triple: ('z1', ':mod', 'z3')
ignoring epigraph data for duplicate triple: ('z26', ':mod', 'z5')
ignoring epigraph data for duplicate triple: ('z30', ':mod', 'z5')
ignoring epigraph data for duplicate triple: ('z2', ':op4', '39')
ignoring epigraph data for duplicate triple: ('z5', ':quant', '10')
ignoring epigraph data for duplicate triple: ('z3', ':location', 'z8')
ignoring epigraph data for duplicate triple: ('z4', ':ARG1', 'z5')
ignoring epigraph data for duplicate triple: ('z18', ':ARG1', 'z21')
ignoring epigraph data for duplicate triple: ('z3', ':poss', 'z4')
ignoring epigraph data for duplicate triple: ('z9', ':mod', 'z6')
ignoring epigraph data for duplicate triple: ('z2', ':mod', 'z4')
ignoring epigraph data for duplicate triple: ('z16', ':mod', 'z11')
ignoring epigraph data for duplicate triple: ('z7', ':subevent', 'z17')
ignoring epigraph data for duplicate triple: ('z6', ':mod', 'z8')
ignoring epigraph data for duplicate triple: ('z24', ':location', 'z13')
ignoring epigraph data for duplicate triple: ('z19', ':op2', '6')
cannot deinvert attribute: ('z6', ':consist-of', '170')
ignoring epigraph data for duplicate triple: ('z16', ':mod', 'z17')
ignoring epigraph data for duplicate triple: ('z0', ':ARG0', 'z1')
ignoring epigraph data for duplicate triple: ('z0', ':domain', 'z4')
ignoring epigraph data for duplicate triple: ('z17', ':mod', 'z6')
ignoring epigraph data for duplicate triple: ('z20', ':op2', '7')
ignoring epigraph data for duplicate triple: ('z2', ':ARG1', 'z3')
ignoring epigraph data for duplicate triple: ('z14', ':mod', 'z15')
ignoring epigraph data for duplicate triple: ('z8', ':compared-to', 'z3')
ignoring epigraph data for duplicate triple: ('z0', ':beneficiary', 'z13')
ignoring epigraph data for duplicate triple: ('z5', ':mod', 'z6')
ignoring epigraph data for duplicate triple: ('z21', ':mod', 'z19')
ignoring epigraph data for duplicate triple: ('z21', ':mod', 'z19')
ignoring epigraph data for duplicate triple: ('z2', ':mod', 'z4')
ignoring epigraph data for duplicate triple: ('z9', ':mod', 'z7')
ignoring epigraph data for duplicate triple: ('z1', ':mod', 'z2')
ignoring epigraph data for duplicate triple: ('z15', ':mod', 'z9')
ignoring epigraph data for duplicate triple: ('z5', ':ARG2', 'z1')
ignoring epigraph data for duplicate triple: ('z8', ':ARG1', 'z10')
ignoring epigraph data for duplicate triple: ('z7', ':op1', '6')
ignoring epigraph data for duplicate triple: ('z7', ':mod', 'z6')
ignoring epigraph data for duplicate triple: ('z0', ':ARG0', 'z1')
ignoring epigraph data for duplicate triple: ('z2', ':ARG1', 'z3')
ignoring epigraph data for duplicate triple: ('z10', ':mod', 'z11')
ignoring epigraph data for duplicate triple: ('z28', ':mod', 'z30')
ignoring epigraph data for duplicate triple: ('z32', ':op6', '"R."')
ignoring epigraph data for duplicate triple: ('z32', ':op6', '"R."')
ignoring epigraph data for duplicate triple: ('z32', ':op6', '"R."')
ignoring epigraph data for duplicate triple: ('z32', ':op6', '"R."')
ignoring epigraph data for duplicate triple: ('z32', ':op6', '"A."')
ignoring epigraph data for duplicate triple: ('z32', ':op7', '"R."')
ignoring epigraph data for duplicate triple: ('z32', ':op6', '"R."')
ignoring epigraph data for duplicate triple: ('z32', ':op39', '"A."')
ignoring epigraph data for duplicate triple: ('z32', ':op6', '"R."')
ignoring epigraph data for duplicate triple: ('z32', ':op6', '"W."')
ignoring epigraph data for duplicate triple: ('z32', ':op6', '"W."')
ignoring epigraph data for duplicate triple: ('z32', ':op6', '"A."')
ignoring epigraph data for duplicate triple: ('z32', ':op7', '"W."')
ignoring epigraph data for duplicate triple: ('z32', ':op6', '"W."')
ignoring epigraph data for duplicate triple: ('z32', ':op6', '"W."')
ignoring epigraph data for duplicate triple: ('z32', ':op6', '"W."')
ignoring epigraph data for duplicate triple: ('z32', ':op6', '"W."')
ignoring epigraph data for duplicate triple: ('z12', ':ARG0', 'z17')
ignoring epigraph data for duplicate triple: ('z19', ':op6', '":op7_<lit>"')
ignoring epigraph data for duplicate triple: ('z0', ':op6', '"154"')
ignoring epigraph data for duplicate triple: ('z0', ':op6', '"and"')
ignoring epigraph data for duplicate triple: ('z0', ':op6', '"154301"')
ignoring epigraph data for duplicate triple: ('z11', ':op1', '6')
ignoring epigraph data for duplicate triple: ('z4', ':weekday', 'z2')
ignoring epigraph data for duplicate triple: ('z5', ':weekday', 'z2')
ignoring epigraph data for duplicate triple: ('z4', ':weekday', 'z2')
ignoring epigraph data for duplicate triple: ('z5', ':weekday', 'z2')
ignoring epigraph data for duplicate triple: ('z3', ':subevent', 'z21')
ignoring epigraph data for duplicate triple: ('z15', ':mod', 'z8')
cannot deinvert attribute: ('z12', ':consist-of', '4')
ignoring epigraph data for duplicate triple: ('z0', ':year', '2007')
ignoring epigraph data for duplicate triple: ('z10', ':source', 'z5')
ignoring epigraph data for duplicate triple: ('z12', ':mod', 'z8')
ignoring epigraph data for duplicate triple: ('z16', ':destination', 'z18')
ignoring epigraph data for duplicate triple: ('z15', ':mod', 'z16')
ignoring epigraph data for duplicate triple: ('z13', ':ARG0', 'z16')
ignoring epigraph data for duplicate triple: ('z9', ':subevent', 'z14')
ignoring epigraph data for duplicate triple: ('z17', ':mod', 'z18')
ignoring epigraph data for duplicate triple: ('z10', ':destination', 'z14')
ignoring epigraph data for duplicate triple: ('z26', ':mod', 'z12')
ignoring epigraph data for duplicate triple: ('z6', ':mod', 'z7')
ignoring epigraph data for duplicate triple: ('z17', ':time', 'z20')
ignoring epigraph data for duplicate triple: ('z17', ':time', 'z20')
ignoring epigraph data for duplicate triple: ('z17', ':time', 'z20')
ignoring epigraph data for duplicate triple: ('z15', ':destination', 'z16')
ignoring epigraph data for duplicate triple: ('z15', ':mod', 'z9')
ignoring epigraph data for duplicate triple: ('z13', ':mod', 'z9')
ignoring epigraph data for duplicate triple: ('z6', ':ARG1', 'z11')
ignoring epigraph data for duplicate triple: ('z9', ':mod', 'z1')
ignoring epigraph data for duplicate triple: ('z9', ':mod', 'z1')
ignoring epigraph data for duplicate triple: ('z0', ':op1', '0')
ignoring epigraph data for duplicate triple: ('z5', ':quant', '5')
ignoring epigraph data for duplicate triple: ('z2', ':op2', '5')
ignoring epigraph data for duplicate triple: ('z2', ':op2', '5')
ignoring epigraph data for duplicate triple: ('z2', ':op2', '5')
ignoring epigraph data for duplicate triple: ('z2', ':op2', '5')
ignoring epigraph data for duplicate triple: ('z9', ':mod', 'z7')
cannot deinvert attribute: ('z5', ':consist-of', '14')
ignoring epigraph data for duplicate triple: ('z4', ':time', '"23:01"')
ignoring epigraph data for duplicate triple: ('z4', ':timezone', '"GMT"')
ignoring epigraph data for duplicate triple: ('z15', ':mod', 'z9')
ignoring epigraph data for duplicate triple: ('z9', ':mod', 'z10')
ignoring epigraph data for duplicate triple: ('z22', ':time', 'z25')
ignoring epigraph data for duplicate triple: ('z12', ':ARG2', 'z13')
ignoring epigraph data for duplicate triple: ('z0', ':time', 'z4')
ignoring epigraph data for duplicate triple: ('z7', ':op1', '6')
ignoring epigraph data for duplicate triple: ('z8', ':destination', 'z14')
ignoring epigraph data for duplicate triple: ('z0', ':op1', '0')
ignoring epigraph data for duplicate triple: ('z1', ':mod', 'z2')
ignoring epigraph data for duplicate triple: ('z6', ':ARG1', 'z9')
ignoring epigraph data for duplicate triple: ('z8', ':ARG1', 'z11')
ignoring epigraph data for duplicate triple: ('z8', ':ARG1', 'z11')
ignoring epigraph data for duplicate triple: ('z8', ':ARG1', 'z11')
ignoring epigraph data for duplicate triple: ('z7', ':op2', '19')
ignoring epigraph data for duplicate triple: ('z16', ':op2', '6')
ignoring epigraph data for duplicate triple: ('z8', ':op2', '7')
ignoring epigraph data for duplicate triple: ('z6', ':ARG1', 'z10')
ignoring epigraph data for duplicate triple: ('z6', ':ARG1', 'z10')
ignoring epigraph data for duplicate triple: ('z5', ':quant', 'z13')
ignoring epigraph data for duplicate triple: ('z7', ':ARG0', 'z19')
ignoring epigraph data for duplicate triple: ('z10', ':ARG1', 'z11')
ignoring epigraph data for duplicate triple: ('z1004', ':op3', '"Japan"')
ignoring epigraph data for duplicate triple: ('z2', ':ARG0', 'z3')
ignoring epigraph data for duplicate triple: ('z1', ':ARG2', 'z13')
ignoring epigraph data for duplicate triple: ('z12', ':mod', 'z5')
cannot deinvert attribute: ('z8', ':consist-of', '26')
ignoring epigraph data for duplicate triple: ('z7', ':mod', 'z5')
ignoring epigraph data for duplicate triple: ('z3', ':mod', 'z5')
ignoring epigraph data for duplicate triple: ('z3', ':mod', 'z5')
ignoring epigraph data for duplicate triple: ('z21', ':ARG0', 'z29')
ignoring epigraph data for duplicate triple: ('z5', ':op18', '"of"')
ignoring epigraph data for duplicate triple: ('z5', ':op27', '"of"')
ignoring epigraph data for duplicate triple: ('z5', ':op27', '"of"')
ignoring epigraph data for duplicate triple: ('z5', ':op28', '"Tamil"')
ignoring epigraph data for duplicate triple: ('z5', ':op32', '"of"')
ignoring epigraph data for duplicate triple: ('z5', ':op39', '"Tamil"')
ignoring epigraph data for duplicate triple: ('z5', ':op40', '"Eelam"')
ignoring epigraph data for duplicate triple: ('z16', ':mod', 'z3')
ignoring epigraph data for duplicate triple: ('z19', ':time', '"1:00"')
ignoring epigraph data for duplicate triple: ('z0', ':quant', '1')
ignoring epigraph data for duplicate triple: ('z17', ':ARG1', 'z12')
cannot deinvert attribute: ('z6', ':consist-of', '3')
ignoring epigraph data for duplicate triple: ('z2', ':op2', '9')
ignoring epigraph data for duplicate triple: ('z0', ':quant', '1')
cannot deinvert attribute: ('z5', ':part-of', 'z12')
ignoring epigraph data for duplicate triple: ('z3', ':mod', 'z4')
ignoring epigraph data for duplicate triple: ('z18', ':topic', 'z17')
cannot deinvert attribute: ('z6', ':consist-of', '12')
ignoring epigraph data for duplicate triple: ('z5', ':op1', '11')
ignoring epigraph data for duplicate triple: ('z0', ':ARG0', 'z1')
ignoring epigraph data for duplicate triple: ('z24', ':mod', 'z13')
ignoring epigraph data for duplicate triple: ('z24', ':mod', 'z13')
ignoring epigraph data for duplicate triple: ('z11', ':ARG1', 'z17')
cannot deinvert attribute: ('z4', ':part-of', 'z13')
ignoring epigraph data for duplicate triple: ('z0', ':location', 'z2')
ignoring epigraph data for duplicate triple: ('z20', ':op2', '6')
ignoring epigraph data for duplicate triple: ('w', ':polarity', '-')
ignoring epigraph data for duplicate triple: ('e', ':polarity', '-')
ignoring epigraph data for duplicate triple: ('c', ':mod', 'h')
ignoring epigraph data for duplicate triple: ('p', ':mod', 'c')
ignoring epigraph data for duplicate triple: ('p5', ':quant', '10')
ignoring epigraph data for duplicate triple: ('i2', ':mod', 'e')
ignoring epigraph data for duplicate triple: ('d', ':time', '"17:48"')
ignoring epigraph data for duplicate triple: ('j2', ':mod', 'f')
ignoring epigraph data for duplicate triple: ('e', ':time', 's')
ignoring epigraph data for duplicate triple: ('c', ':ARG1', 'g')
ignoring epigraph data for duplicate triple: ('p', ':mod', 'c')
/public/home/zhangyuegroup/baixuefeng/miniconda3/envs/py38torch1.8apex/lib/python3.8/site-packages/transformers/tokenization_utils_base.py:2126: FutureWarning: The `pad_to_max_length` argument is deprecated and will be removed in a future version, use `padding=True` or `padding='longest'` to pad to the longest sequence in the batch, or use `padding='max_length'` to pad to a max length. In this case, you can give a specific length with `max_length` (e.g. `max_length=45`) or leave max_length to None to pad to the maximal input size of the model (e.g. 512 for Bert).
  warnings.warn(
ignoring secondary node contexts for 'z15'
ignoring secondary node contexts for 'z1'
ignoring secondary node contexts for 'z2'
ignoring secondary node contexts for 'z3'
ignoring secondary node contexts for 'z2'
ignoring secondary node contexts for 'z7'
ignoring secondary node contexts for 'z8'
ignoring secondary node contexts for 'z20'
ignoring secondary node contexts for 'z3'
ignoring secondary node contexts for 'z8'
ignoring secondary node contexts for 'z4'
ignoring secondary node contexts for 'z4'
ignoring secondary node contexts for 'z8'
ignoring secondary node contexts for 'z17'
ignoring secondary node contexts for 'z1'
ignoring secondary node contexts for 'z4'
ignoring secondary node contexts for 'z3'
ignoring secondary node contexts for 'z15'
ignoring secondary node contexts for 'z13'
ignoring secondary node contexts for 'z6'
ignoring secondary node contexts for 'z4'
ignoring secondary node contexts for 'z2'
ignoring secondary node contexts for 'z1'
ignoring secondary node contexts for 'z11'
ignoring secondary node contexts for 'z30'
ignoring secondary node contexts for 'z18'
ignoring secondary node contexts for 'z16'
ignoring secondary node contexts for 'z18'
ignoring secondary node contexts for 'z14'
ignoring secondary node contexts for 'z7'
ignoring secondary node contexts for 'z20'
ignoring secondary node contexts for 'z20'
ignoring secondary node contexts for 'z20'
ignoring secondary node contexts for 'z16'
ignoring secondary node contexts for 'z10'
ignoring secondary node contexts for 'z4'
ignoring secondary node contexts for 'z14'
ignoring secondary node contexts for 'z2'
ignoring secondary node contexts for 'z3'
ignoring secondary node contexts for 'z13'
ignoring secondary node contexts for 'z5'
ignoring secondary node contexts for 'z5'
ignoring secondary node contexts for 'z4'
ignoring secondary node contexts for 'z1'
ignoring secondary node contexts for 'z2'
ignoring secondary node contexts for 'h'
ignoring secondary node contexts for 'e'
ignoring secondary node contexts for 's'
ignoring secondary node contexts for 'g'
All 255633 instances in [PosixPath('data/gigawords-200k/amr-release-3.0-amrs-training-bolt.txt'), PosixPath('data/gigawords-200k/amr-release-3.0-amrs-training-cctv.txt'), PosixPath('data/gigawords-200k/amr-release-3.0-amrs-training-xinhua.txt'), PosixPath('data/gigawords-200k/selected_29.txt'), PosixPath('data/gigawords-200k/selected_32.txt'), PosixPath('data/gigawords-200k/selected_5.txt'), PosixPath('data/gigawords-200k/selected_25.txt'), PosixPath('data/gigawords-200k/selected_13.txt'), PosixPath('data/gigawords-200k/selected_36.txt'), PosixPath('data/gigawords-200k/selected_8.txt'), PosixPath('data/gigawords-200k/selected_7.txt'), PosixPath('data/gigawords-200k/selected_27.txt'), PosixPath('data/gigawords-200k/selected_35.txt'), PosixPath('data/gigawords-200k/selected_37.txt'), PosixPath('data/gigawords-200k/selected_23.txt'), PosixPath('data/gigawords-200k/selected_21.txt'), PosixPath('data/gigawords-200k/selected_26.txt'), PosixPath('data/gigawords-200k/selected_3.txt'), PosixPath('data/gigawords-200k/selected_0.txt'), PosixPath('data/gigawords-200k/selected_16.txt'), PosixPath('data/gigawords-200k/selected_2.txt'), PosixPath('data/gigawords-200k/selected_4.txt'), PosixPath('data/gigawords-200k/selected_19.txt'), PosixPath('data/gigawords-200k/selected_18.txt'), PosixPath('data/gigawords-200k/selected_22.txt'), PosixPath('data/gigawords-200k/selected_6.txt'), PosixPath('data/gigawords-200k/selected_14.txt'), PosixPath('data/gigawords-200k/selected_28.txt'), PosixPath('data/gigawords-200k/selected_9.txt'), PosixPath('data/gigawords-200k/selected_15.txt'), PosixPath('data/gigawords-200k/selected_31.txt'), PosixPath('data/gigawords-200k/selected_17.txt'), PosixPath('data/gigawords-200k/selected_10.txt'), PosixPath('data/gigawords-200k/selected_30.txt'), PosixPath('data/gigawords-200k/selected_11.txt'), PosixPath('data/gigawords-200k/selected_20.txt'), PosixPath('data/gigawords-200k/selected_39.txt'), PosixPath('data/gigawords-200k/selected_12.txt'), PosixPath('data/gigawords-200k/selected_38.txt'), PosixPath('data/gigawords-200k/selected_34.txt'), PosixPath('data/gigawords-200k/selected_24.txt'), PosixPath('data/gigawords-200k/selected_33.txt'), PosixPath('data/gigawords-200k/selected_1.txt'), PosixPath('data/gigawords-200k/amr-release-3.0-amrs-training-dfa.txt'), PosixPath('data/gigawords-200k/amr-release-3.0-amrs-training-dfb.txt'), PosixPath('data/gigawords-200k/amr-release-3.0-amrs-training-fables.txt'), PosixPath('data/gigawords-200k/amr-release-3.0-amrs-training-guidelines.txt'), PosixPath('data/gigawords-200k/amr-release-3.0-amrs-training-lorelei.txt'), PosixPath('data/gigawords-200k/amr-release-3.0-amrs-training-mt09sdl.txt'), PosixPath('data/gigawords-200k/amr-release-3.0-amrs-training-proxy.txt'), PosixPath('data/gigawords-200k/amr-release-3.0-amrs-training-wb.txt'), PosixPath('data/gigawords-200k/amr-release-3.0-amrs-training-wiki.txt')]
ignoring epigraph data for duplicate triple: ('m2', ':ARG2', 'c6')
All 1722 instances in [PosixPath('data/LDC2020/amrs/split/dev/amr-release-3.0-amrs-dev-proxy.txt'), PosixPath('data/LDC2020/amrs/split/dev/amr-release-3.0-amrs-dev-bolt.txt'), PosixPath('data/LDC2020/amrs/split/dev/amr-release-3.0-amrs-dev-xinhua.txt'), PosixPath('data/LDC2020/amrs/split/dev/amr-release-3.0-amrs-dev-consensus.txt'), PosixPath('data/LDC2020/amrs/split/dev/amr-release-3.0-amrs-dev-lorelei.txt'), PosixPath('data/LDC2020/amrs/split/dev/amr-release-3.0-amrs-dev-dfa.txt')]
ignoring epigraph data for duplicate triple: ('d', ':month', '11')
All 1898 instances in [PosixPath('data/LDC2020/amrs/split/test/amr-release-3.0-amrs-test-lorelei.txt'), PosixPath('data/LDC2020/amrs/split/test/amr-release-3.0-amrs-test-dfa.txt'), PosixPath('data/LDC2020/amrs/split/test/amr-release-3.0-amrs-test-bolt.txt'), PosixPath('data/LDC2020/amrs/split/test/amr-release-3.0-amrs-test-proxy.txt'), PosixPath('data/LDC2020/amrs/split/test/amr-release-3.0-amrs-test-consensus.txt'), PosixPath('data/LDC2020/amrs/split/test/amr-release-3.0-amrs-test-xinhua.txt')]
